This file contains any messages produced by compilers while
running configure, to aid debugging if configure makes a mistake.

It was created by GetId3 configure 0.0, which was
generated by GNU Autoconf 2.65.  Invocation command line was

  $ /home/naomiaro/dev-campcaster/campcaster/src/modules/getid3/tmp/configure --prefix=/home/naomiaro/dev-campcaster/campcaster/usr PACKAGE_VERSION=1.4.0

## --------- ##
## Platform. ##
## --------- ##

hostname = naomiaro-ubuntu
uname -m = i686
uname -r = 2.6.32-21-generic
uname -s = Linux
uname -v = #32-Ubuntu SMP Fri Apr 16 08:10:02 UTC 2010

/usr/bin/uname -p = unknown
/bin/uname -X     = unknown

/bin/arch              = unknown
/usr/bin/arch -k       = unknown
/usr/convex/getsysinfo = unknown
/usr/bin/hostinfo      = unknown
/bin/machine           = unknown
/usr/bin/oslevel       = unknown
/bin/universe          = unknown

PATH: /home/naomiaro/bin
PATH: /home/naomiaro/bin
PATH: /usr/local/sbin
PATH: /usr/local/bin
PATH: /usr/sbin
PATH: /usr/bin
PATH: /sbin
PATH: /bin
PATH: /usr/games


## ----------- ##
## Core tests. ##
## ----------- ##

configure:1793: creating ./config.status

## ---------------------- ##
## Running config.status. ##
## ---------------------- ##

This file was extended by GetId3 config.status 0.0, which was
generated by GNU Autoconf 2.65.  Invocation command line was

  CONFIG_FILES    = 
  CONFIG_HEADERS  = 
  CONFIG_LINKS    = 
  CONFIG_COMMANDS = 
  $ ./config.status 

on naomiaro-ubuntu

config.status:715: creating ../Makefile

## ---------------- ##
## Cache variables. ##
## ---------------- ##

ac_cv_env_build_alias_set=
ac_cv_env_build_alias_value=
ac_cv_env_host_alias_set=
ac_cv_env_host_alias_value=
ac_cv_env_target_alias_set=
ac_cv_env_target_alias_value=

## ----------------- ##
## Output variables. ##
## ----------------- ##

DEFS='-DPACKAGE_NAME=\"GetId3\" -DPACKAGE_TARNAME=\"getid3\" -DPACKAGE_VERSION=\"1.4.0\" -DPACKAGE_STRING=\"GetId3\ 0.0\" -DPACKAGE_BUGREPORT=\"bugs@campware.org\" -DPACKAGE_URL=\"\"'
ECHO_C=''
ECHO_N='-n'
ECHO_T=''
LIBOBJS=''
LIBS=''
LTLIBOBJS=''
PACKAGE_BUGREPORT='bugs@campware.org'
PACKAGE_NAME='GetId3'
PACKAGE_STRING='GetId3 0.0'
PACKAGE_TARNAME='getid3'
PACKAGE_URL=''
PACKAGE_VERSION='1.4.0'
PATH_SEPARATOR=':'
SHELL='/bin/bash'
bindir='${exec_prefix}/bin'
build_alias=''
datadir='${datarootdir}'
datarootdir='${prefix}/share'
docdir='${datarootdir}/doc/${PACKAGE_TARNAME}'
dvidir='${docdir}'
exec_prefix='${prefix}'
host_alias=''
htmldir='${docdir}'
includedir='${prefix}/include'
infodir='${datarootdir}/info'
libdir='${exec_prefix}/lib'
libexecdir='${exec_prefix}/libexec'
localedir='${datarootdir}/locale'
localstatedir='${prefix}/var'
mandir='${datarootdir}/man'
oldincludedir='/usr/include'
pdfdir='${docdir}'
prefix='/home/naomiaro/dev-campcaster/campcaster/usr'
program_transform_name='s,x,x,'
psdir='${docdir}'
sbindir='${exec_prefix}/sbin'
sharedstatedir='${prefix}/com'
sysconfdir='${prefix}/etc'
target_alias=''

## ----------- ##
## confdefs.h. ##
## ----------- ##

/* confdefs.h */
#define PACKAGE_NAME "GetId3"
#define PACKAGE_TARNAME "getid3"
#define PACKAGE_VERSION "1.4.0"
#define PACKAGE_STRING "GetId3 0.0"
#define PACKAGE_BUGREPORT "bugs@campware.org"
#define PACKAGE_URL ""

configure: exit 0
